<?xml version="1.0" encoding="UTF-8"?>
<testsuite name="trainingLesson4.TestBookLombok" tests="1" skipped="0" failures="0" errors="0" timestamp="2020-09-13T16:14:47" hostname="Uldiss-MBP.Dlink" time="0.032">
  <properties/>
  <testcase name="bookCheck" classname="trainingLesson4.TestBookLombok" time="0.032"/>
  <system-out><![CDATA[]]></system-out>
  <system-err><![CDATA[]]></system-err>
</testsuite>
